
Apr 02, 2025 5:59:48 PM liquibase.changelog
INFO: Reading resource: db/changelog/migrations/db.changelog-202504011830.sql
Apr 02, 2025 5:59:48 PM liquibase.changelog
INFO: Reading resource: db/changelog/migrations/db.changelog-202504021730.sql
Apr 02, 2025 5:59:48 PM liquibase.changelog
INFO: Reading resource: db/changelog/migrations/db.changelog-202504021740.sql
Apr 02, 2025 5:59:48 PM liquibase.changelog
INFO: Reading resource: db/changelog/migrations/db.changelog-202504021750.sql
Apr 02, 2025 5:59:48 PM liquibase.changelog
INFO: Reading from board.databasechangelog
Apr 02, 2025 5:59:48 PM liquibase.lockservice
INFO: Successfully acquired change log lock
Apr 02, 2025 5:59:48 PM liquibase.command
INFO: Using deploymentId: 3627588716
Apr 02, 2025 5:59:48 PM liquibase.changelog
INFO: Reading from board.databasechangelog
Running Changeset: db/changelog/migrations/db.changelog-202504021740.sql::202504011830::luiz
Apr 02, 2025 5:59:48 PM liquibase.changelog
INFO: Custom SQL executed
Apr 02, 2025 5:59:48 PM liquibase.changelog
INFO: ChangeSet db/changelog/migrations/db.changelog-202504021740.sql::202504011830::luiz ran successfully in 71ms
Running Changeset: db/changelog/migrations/db.changelog-202504021750.sql::202504011830::luiz
Apr 02, 2025 5:59:48 PM liquibase.changelog
INFO: Custom SQL executed
Apr 02, 2025 5:59:48 PM liquibase.changelog
INFO: ChangeSet db/changelog/migrations/db.changelog-202504021750.sql::202504011830::luiz ran successfully in 56ms

UPDATE SUMMARY
Run:                          2
Previously run:               2
Filtered out:                 0
-------------------------------
Total change sets:            4

Apr 02, 2025 5:59:48 PM liquibase.util
INFO: UPDATE SUMMARY
Apr 02, 2025 5:59:48 PM liquibase.util
INFO: Run:                          2
Apr 02, 2025 5:59:48 PM liquibase.util
INFO: Previously run:               2
Apr 02, 2025 5:59:48 PM liquibase.util
INFO: Filtered out:                 0
Apr 02, 2025 5:59:48 PM liquibase.util
INFO: -------------------------------
Apr 02, 2025 5:59:48 PM liquibase.util
INFO: Total change sets:            4
Apr 02, 2025 5:59:48 PM liquibase.util
INFO: Update summary generated
Apr 02, 2025 5:59:48 PM liquibase.command
INFO: Update command completed successfully.
Liquibase: Update has been successful. Rows affected: 2
Apr 02, 2025 5:59:48 PM liquibase.lockservice
INFO: Successfully released change log lock
Apr 02, 2025 5:59:48 PM liquibase.command
INFO: Command execution complete
